#
# There is insufficient memory for the Java Runtime Environment to continue.
# Native memory allocation (malloc) failed to allocate 70576 bytes for Chunk::new
# Possible reasons:
#   The system is out of physical RAM or swap space
#   The process is running with CompressedOops enabled, and the Java Heap may be blocking the growth of the native heap
# Possible solutions:
#   Reduce memory load on the system
#   Increase physical memory or swap space
#   Check if swap backing store is full
#   Decrease Java heap size (-Xmx/-Xms)
#   Decrease number of Java threads
#   Decrease Java thread stack sizes (-Xss)
#   Set larger code cache with -XX:ReservedCodeCacheSize=
#   JVM is running with Zero Based Compressed Oops mode in which the Java heap is
#     placed in the first 32GB address space. The Java Heap base address is the
#     maximum limit for the native heap growth. Please use -XX:HeapBaseMinAddress
#     to set the Java Heap base and to place the Java Heap above 32GB virtual address.
# This output file may be truncated or incomplete.
#
#  Out of Memory Error (./open/src/hotspot/share/memory/arena.cpp:197), pid=12788, tid=1764
#
# JRE version: Java(TM) SE Runtime Environment 18.9 (11.0.17+10) (build 11.0.17+10-LTS-269)
# Java VM: Java HotSpot(TM) 64-Bit Server VM 18.9 (11.0.17+10-LTS-269, mixed mode, tiered, compressed oops, g1 gc, windows-amd64)
# No core dump will be written. Minidumps are not enabled by default on client versions of Windows
#

---------------  S U M M A R Y ------------

Command Line: -javaagent:C:\Program Files\JetBrains\IntelliJ IDEA Community Edition 2023.2.2\lib\idea_rt.jar=8903:C:\Program Files\JetBrains\IntelliJ IDEA Community Edition 2023.2.2\bin -Dfile.encoding=UTF-8 com.dev.customerserviceapi.CustomerServiceApiApplicationTests

Host: Intel(R) Core(TM) i5-8250U CPU @ 1.60GHz, 8 cores, 11G,  Windows 11 , 64 bit Build 22621 (10.0.22621.2506)
Time: Sat Dec 30 10:56:53 2023 Sri Lanka Standard Time elapsed time: 42050.249002 seconds (0d 11h 40m 50s)

---------------  T H R E A D  ---------------

Current thread (0x0000026de0c21000):  JavaThread "C2 CompilerThread0" daemon [_thread_in_native, id=1764, stack(0x0000008c2fa00000,0x0000008c2fb00000)]


Current CompileTask:
C2:42050249 5544       4       java.util.concurrent.ScheduledThreadPoolExecutor$DelayedWorkQueue::siftUp (64 bytes)

Stack: [0x0000008c2fa00000,0x0000008c2fb00000]
Native frames: (J=compiled Java code, j=interpreted, Vv=VM code, C=native code)
V  [jvm.dll+0x62b5da]
V  [jvm.dll+0x7653df]
V  [jvm.dll+0x766a89]
V  [jvm.dll+0x767113]
V  [jvm.dll+0x23dd28]
V  [jvm.dll+0xb2a1c]
V  [jvm.dll+0xb2fdc]
V  [jvm.dll+0x2aeaa4]
V  [jvm.dll+0x53e83b]
V  [jvm.dll+0x1fa1a9]
V  [jvm.dll+0x1f77dd]
V  [jvm.dll+0x177c91]
V  [jvm.dll+0x207296]
V  [jvm.dll+0x20542b]
V  [jvm.dll+0x72b2c0]
V  [jvm.dll+0x723e64]
V  [jvm.dll+0x62a485]
C  [ucrtbase.dll+0x29363]
C  [KERNEL32.DLL+0x1257d]
C  [ntdll.dll+0x5aa58]


---------------  P R O C E S S  ---------------

Threads class SMR info:
_java_thread_list=0x0000026de590e3b0, length=30, elements={
0x0000026de0b97800, 0x0000026de0bc4000, 0x0000026de0c10800, 0x0000026de0c11800,
0x0000026de0c15000, 0x0000026de0c21000, 0x0000026de0c28800, 0x0000026de0c2f000,
0x0000026de0da3000, 0x0000026de0ee6800, 0x0000026de4d51800, 0x0000026de4ee7800,
0x0000026de6e41000, 0x0000026de3c6f000, 0x0000026de4342000, 0x0000026de6a02000,
0x0000026de6a03000, 0x0000026de6a04000, 0x0000026de6a01800, 0x0000026de7c41000,
0x0000026de7c41800, 0x0000026de7c40000, 0x0000026de7c43800, 0x0000026de7c44000,
0x0000026de7c45000, 0x0000026de7c42800, 0x0000026de7c49000, 0x0000026de7c47800,
0x0000026de7c4a800, 0x0000026de0dce000
}

Java Threads: ( => current thread )
  0x0000026de0b97800 JavaThread "Reference Handler" daemon [_thread_blocked, id=11556, stack(0x0000008c2f500000,0x0000008c2f600000)]
  0x0000026de0bc4000 JavaThread "Finalizer" daemon [_thread_blocked, id=15084, stack(0x0000008c2f600000,0x0000008c2f700000)]
  0x0000026de0c10800 JavaThread "Signal Dispatcher" daemon [_thread_blocked, id=5692, stack(0x0000008c2f700000,0x0000008c2f800000)]
  0x0000026de0c11800 JavaThread "Attach Listener" daemon [_thread_blocked, id=10908, stack(0x0000008c2f800000,0x0000008c2f900000)]
  0x0000026de0c15000 JavaThread "Service Thread" daemon [_thread_blocked, id=7444, stack(0x0000008c2f900000,0x0000008c2fa00000)]
=>0x0000026de0c21000 JavaThread "C2 CompilerThread0" daemon [_thread_in_native, id=1764, stack(0x0000008c2fa00000,0x0000008c2fb00000)]
  0x0000026de0c28800 JavaThread "C1 CompilerThread0" daemon [_thread_blocked, id=14440, stack(0x0000008c2fb00000,0x0000008c2fc00000)]
  0x0000026de0c2f000 JavaThread "Sweeper thread" daemon [_thread_blocked, id=2500, stack(0x0000008c2fc00000,0x0000008c2fd00000)]
  0x0000026de0da3000 JavaThread "Common-Cleaner" daemon [_thread_blocked, id=22200, stack(0x0000008c2fd00000,0x0000008c2fe00000)]
  0x0000026de0ee6800 JavaThread "Monitor Ctrl-Break" daemon [_thread_in_native, id=22040, stack(0x0000008c2ff00000,0x0000008c30000000)]
  0x0000026de4d51800 JavaThread "Catalina-utility-1" [_thread_blocked, id=10904, stack(0x0000008c30700000,0x0000008c30800000)]
  0x0000026de4ee7800 JavaThread "Catalina-utility-2" [_thread_blocked, id=10536, stack(0x0000008c30d00000,0x0000008c30e00000)]
  0x0000026de6e41000 JavaThread "container-0" [_thread_blocked, id=16580, stack(0x0000008c30e00000,0x0000008c30f00000)]
  0x0000026de3c6f000 JavaThread "mysql-cj-abandoned-connection-cleanup" daemon [_thread_blocked, id=6244, stack(0x0000008c30f00000,0x0000008c31000000)]
  0x0000026de4342000 JavaThread "HikariPool-1 housekeeper" daemon [_thread_blocked, id=17752, stack(0x0000008c31100000,0x0000008c31200000)]
  0x0000026de6a02000 JavaThread "File Watcher" daemon [_thread_blocked, id=3996, stack(0x0000008c31300000,0x0000008c31400000)]
  0x0000026de6a03000 JavaThread "http-nio-8001-exec-1" daemon [_thread_blocked, id=16704, stack(0x0000008c31400000,0x0000008c31500000)]
  0x0000026de6a04000 JavaThread "http-nio-8001-exec-2" daemon [_thread_blocked, id=15296, stack(0x0000008c31500000,0x0000008c31600000)]
  0x0000026de6a01800 JavaThread "http-nio-8001-exec-3" daemon [_thread_blocked, id=11536, stack(0x0000008c31600000,0x0000008c31700000)]
  0x0000026de7c41000 JavaThread "http-nio-8001-exec-4" daemon [_thread_blocked, id=21896, stack(0x0000008c31700000,0x0000008c31800000)]
  0x0000026de7c41800 JavaThread "http-nio-8001-exec-5" daemon [_thread_blocked, id=19364, stack(0x0000008c31800000,0x0000008c31900000)]
  0x0000026de7c40000 JavaThread "http-nio-8001-exec-6" daemon [_thread_blocked, id=17192, stack(0x0000008c31900000,0x0000008c31a00000)]
  0x0000026de7c43800 JavaThread "http-nio-8001-exec-7" daemon [_thread_blocked, id=5648, stack(0x0000008c31a00000,0x0000008c31b00000)]
  0x0000026de7c44000 JavaThread "http-nio-8001-exec-8" daemon [_thread_blocked, id=6300, stack(0x0000008c31b00000,0x0000008c31c00000)]
  0x0000026de7c45000 JavaThread "http-nio-8001-exec-9" daemon [_thread_blocked, id=19160, stack(0x0000008c31c00000,0x0000008c31d00000)]
  0x0000026de7c42800 JavaThread "http-nio-8001-exec-10" daemon [_thread_blocked, id=17280, stack(0x0000008c31d00000,0x0000008c31e00000)]
  0x0000026de7c49000 JavaThread "http-nio-8001-Poller" daemon [_thread_in_native, id=4556, stack(0x0000008c31e00000,0x0000008c31f00000)]
  0x0000026de7c47800 JavaThread "http-nio-8001-Acceptor" daemon [_thread_in_native, id=10324, stack(0x0000008c31f00000,0x0000008c32000000)]
  0x0000026de7c4a800 JavaThread "DestroyJavaVM" [_thread_blocked, id=21248, stack(0x0000008c2ee00000,0x0000008c2ef00000)]
  0x0000026de0dce000 JavaThread "C2 CompilerThread1" daemon [_thread_in_native, id=16272, stack(0x0000008c2eb00000,0x0000008c2ec00000)]

Other Threads:
  0x0000026de0b96800 VMThread "VM Thread" [stack: 0x0000008c2f400000,0x0000008c2f500000] [id=21040]
  0x0000026de15b5800 WatcherThread [stack: 0x0000008c30000000,0x0000008c30100000] [id=22396]
  0x0000026dbfd1f000 GCTaskThread "GC Thread#0" [stack: 0x0000008c2ef00000,0x0000008c2f000000] [id=3916]
  0x0000026de1d63800 GCTaskThread "GC Thread#1" [stack: 0x0000008c30200000,0x0000008c30300000] [id=15484]
  0x0000026de1c36800 GCTaskThread "GC Thread#2" [stack: 0x0000008c30300000,0x0000008c30400000] [id=11580]
  0x0000026de1d79800 GCTaskThread "GC Thread#3" [stack: 0x0000008c30400000,0x0000008c30500000] [id=17208]
  0x0000026de27b4800 GCTaskThread "GC Thread#4" [stack: 0x0000008c30800000,0x0000008c30900000] [id=21064]
  0x0000026de28c3800 GCTaskThread "GC Thread#5" [stack: 0x0000008c30900000,0x0000008c30a00000] [id=3588]
  0x0000026de3a66800 GCTaskThread "GC Thread#6" [stack: 0x0000008c30a00000,0x0000008c30b00000] [id=11952]
  0x0000026de3664000 GCTaskThread "GC Thread#7" [stack: 0x0000008c30b00000,0x0000008c30c00000] [id=18448]
  0x0000026dbfd66000 ConcurrentGCThread "G1 Main Marker" [stack: 0x0000008c2f000000,0x0000008c2f100000] [id=3304]
  0x0000026dbfd67800 ConcurrentGCThread "G1 Conc#0" [stack: 0x0000008c2f100000,0x0000008c2f200000] [id=13848]
  0x0000026de1c8f000 ConcurrentGCThread "G1 Conc#1" [stack: 0x0000008c30c00000,0x0000008c30d00000] [id=6720]
  0x0000026de01fa800 ConcurrentGCThread "G1 Refine#0" [stack: 0x0000008c2f200000,0x0000008c2f300000] [id=3300]
  0x0000026de01fc000 ConcurrentGCThread "G1 Young RemSet Sampling" [stack: 0x0000008c2f300000,0x0000008c2f400000] [id=18852]

Threads with active compile tasks:
C2 CompilerThread0  42050951 5544       4       java.util.concurrent.ScheduledThreadPoolExecutor$DelayedWorkQueue::siftUp (64 bytes)
C2 CompilerThread1  42050951 5547       4       java.util.concurrent.ScheduledThreadPoolExecutor$DelayedWorkQueue::siftDown (119 bytes)

VM state:not at safepoint (normal execution)

VM Mutex/Monitor currently owned by a thread: None

Heap address: 0x0000000741a00000, size: 3046 MB, Compressed Oops mode: Zero based, Oop shift amount: 3
Narrow klass base: 0x0000000800000000, Narrow klass shift: 0
Compressed class space size: 1073741824 Address: 0x0000000800000000

Heap:
 garbage-first heap   total 236544K, used 31714K [0x0000000741a00000, 0x0000000800000000)
  region size 1024K, 17 young (17408K), 12 survivors (12288K)
 Metaspace       used 68540K, capacity 70287K, committed 70476K, reserved 1110016K
  class space    used 8776K, capacity 9520K, committed 9600K, reserved 1048576K
Heap Regions: E=young(eden), S=young(survivor), O=old, HS=humongous(starts), HC=humongous(continues), CS=collection set, F=free, A=archive, TAMS=top-at-mark-start (previous, next)
|   0|0x0000000741a00000, 0x0000000741b00000, 0x0000000741b00000|100%|HS|  |TAMS 0x0000000741b00000, 0x0000000741a00000| Complete 
|   1|0x0000000741b00000, 0x0000000741c00000, 0x0000000741c00000|100%| O|  |TAMS 0x0000000741c00000, 0x0000000741b00000| Untracked 
|   2|0x0000000741c00000, 0x0000000741d00000, 0x0000000741d00000|100%| O|  |TAMS 0x0000000741d00000, 0x0000000741c00000| Untracked 
|   3|0x0000000741d00000, 0x0000000741e00000, 0x0000000741e00000|100%| O|  |TAMS 0x0000000741e00000, 0x0000000741d00000| Untracked 
|   4|0x0000000741e00000, 0x0000000741f00000, 0x0000000741f00000|100%| O|  |TAMS 0x0000000741f00000, 0x0000000741e00000| Untracked 
|   5|0x0000000741f00000, 0x0000000742000000, 0x0000000742000000|100%| O|  |TAMS 0x0000000742000000, 0x0000000741f00000| Untracked 
|   6|0x0000000742000000, 0x0000000742100000, 0x0000000742100000|100%| O|  |TAMS 0x0000000742100000, 0x0000000742000000| Untracked 
|   7|0x0000000742100000, 0x0000000742200000, 0x0000000742200000|100%| O|  |TAMS 0x0000000742200000, 0x0000000742100000| Untracked 
|   8|0x0000000742200000, 0x0000000742300000, 0x0000000742300000|100%| O|  |TAMS 0x0000000742300000, 0x0000000742200000| Untracked 
|   9|0x0000000742300000, 0x0000000742400000, 0x0000000742400000|100%| O|  |TAMS 0x0000000742400000, 0x0000000742300000| Untracked 
|  10|0x0000000742400000, 0x0000000742500000, 0x0000000742500000|100%| O|  |TAMS 0x0000000742500000, 0x0000000742400000| Untracked 
|  11|0x0000000742500000, 0x0000000742600000, 0x0000000742600000|100%| O|  |TAMS 0x0000000742600000, 0x0000000742500000| Untracked 
|  12|0x0000000742600000, 0x0000000742700000, 0x0000000742700000|100%| O|  |TAMS 0x0000000742700000, 0x0000000742600000| Untracked 
|  13|0x0000000742700000, 0x0000000742800000, 0x0000000742800000|100%| O|  |TAMS 0x00000007427db000, 0x0000000742700000| Untracked 
|  14|0x0000000742800000, 0x0000000742900000, 0x0000000742900000|100%| O|  |TAMS 0x0000000742800000, 0x0000000742800000| Untracked 
|  15|0x0000000742900000, 0x000000074291d008, 0x0000000742a00000| 11%| O|  |TAMS 0x0000000742900000, 0x0000000742900000| Untracked 
|  16|0x0000000742a00000, 0x0000000742a00000, 0x0000000742b00000|  0%| F|  |TAMS 0x0000000742a00000, 0x0000000742a00000| Untracked 
|  17|0x0000000742b00000, 0x0000000742b00000, 0x0000000742c00000|  0%| F|  |TAMS 0x0000000742b00000, 0x0000000742b00000| Untracked 
|  18|0x0000000742c00000, 0x0000000742c00000, 0x0000000742d00000|  0%| F|  |TAMS 0x0000000742c00000, 0x0000000742c00000| Untracked 
|  19|0x0000000742d00000, 0x0000000742d00000, 0x0000000742e00000|  0%| F|  |TAMS 0x0000000742d00000, 0x0000000742d00000| Untracked 
|  20|0x0000000742e00000, 0x0000000742e00000, 0x0000000742f00000|  0%| F|  |TAMS 0x0000000742e00000, 0x0000000742e00000| Untracked 
|  21|0x0000000742f00000, 0x0000000742f00000, 0x0000000743000000|  0%| F|  |TAMS 0x0000000742f00000, 0x0000000742f00000| Untracked 
|  22|0x0000000743000000, 0x0000000743000000, 0x0000000743100000|  0%| F|  |TAMS 0x0000000743000000, 0x0000000743000000| Untracked 
|  23|0x0000000743100000, 0x0000000743100000, 0x0000000743200000|  0%| F|  |TAMS 0x0000000743100000, 0x0000000743100000| Untracked 
|  24|0x0000000743200000, 0x0000000743200000, 0x0000000743300000|  0%| F|  |TAMS 0x0000000743200000, 0x0000000743200000| Untracked 
|  25|0x0000000743300000, 0x0000000743300000, 0x0000000743400000|  0%| F|  |TAMS 0x0000000743300000, 0x0000000743300000| Untracked 
|  26|0x0000000743400000, 0x0000000743400000, 0x0000000743500000|  0%| F|  |TAMS 0x0000000743400000, 0x0000000743400000| Untracked 
|  27|0x0000000743500000, 0x0000000743500000, 0x0000000743600000|  0%| F|  |TAMS 0x0000000743500000, 0x0000000743500000| Untracked 
|  28|0x0000000743600000, 0x0000000743600000, 0x0000000743700000|  0%| F|  |TAMS 0x0000000743600000, 0x0000000743600000| Untracked 
|  29|0x0000000743700000, 0x0000000743700000, 0x0000000743800000|  0%| F|  |TAMS 0x0000000743700000, 0x0000000743700000| Untracked 
|  30|0x0000000743800000, 0x0000000743800000, 0x0000000743900000|  0%| F|  |TAMS 0x0000000743800000, 0x0000000743800000| Untracked 
|  31|0x0000000743900000, 0x0000000743900000, 0x0000000743a00000|  0%| F|  |TAMS 0x0000000743900000, 0x0000000743900000| Untracked 
|  32|0x0000000743a00000, 0x0000000743a00000, 0x0000000743b00000|  0%| F|  |TAMS 0x0000000743a00000, 0x0000000743a00000| Untracked 
|  33|0x0000000743b00000, 0x0000000743b00000, 0x0000000743c00000|  0%| F|  |TAMS 0x0000000743b00000, 0x0000000743b00000| Untracked 
|  34|0x0000000743c00000, 0x0000000743c00000, 0x0000000743d00000|  0%| F|  |TAMS 0x0000000743c00000, 0x0000000743c00000| Untracked 
|  35|0x0000000743d00000, 0x0000000743d00000, 0x0000000743e00000|  0%| F|  |TAMS 0x0000000743d00000, 0x0000000743d00000| Untracked 
|  36|0x0000000743e00000, 0x0000000743e00000, 0x0000000743f00000|  0%| F|  |TAMS 0x0000000743e00000, 0x0000000743e00000| Untracked 
|  37|0x0000000743f00000, 0x0000000743f00000, 0x0000000744000000|  0%| F|  |TAMS 0x0000000743f00000, 0x0000000743f00000| Untracked 
|  38|0x0000000744000000, 0x0000000744000000, 0x0000000744100000|  0%| F|  |TAMS 0x0000000744000000, 0x0000000744000000| Untracked 
|  39|0x0000000744100000, 0x0000000744100000, 0x0000000744200000|  0%| F|  |TAMS 0x0000000744100000, 0x0000000744100000| Untracked 
|  40|0x0000000744200000, 0x0000000744200000, 0x0000000744300000|  0%| F|  |TAMS 0x0000000744200000, 0x0000000744200000| Untracked 
|  41|0x0000000744300000, 0x0000000744300000, 0x0000000744400000|  0%| F|  |TAMS 0x0000000744300000, 0x0000000744300000| Untracked 
|  42|0x0000000744400000, 0x0000000744400000, 0x0000000744500000|  0%| F|  |TAMS 0x0000000744400000, 0x0000000744400000| Untracked 
|  43|0x0000000744500000, 0x0000000744500000, 0x0000000744600000|  0%| F|  |TAMS 0x0000000744500000, 0x0000000744500000| Untracked 
|  44|0x0000000744600000, 0x0000000744600000, 0x0000000744700000|  0%| F|  |TAMS 0x0000000744600000, 0x0000000744600000| Untracked 
|  45|0x0000000744700000, 0x0000000744700000, 0x0000000744800000|  0%| F|  |TAMS 0x0000000744700000, 0x0000000744700000| Untracked 
|  46|0x0000000744800000, 0x0000000744800000, 0x0000000744900000|  0%| F|  |TAMS 0x0000000744800000, 0x0000000744800000| Untracked 
|  47|0x0000000744900000, 0x0000000744900000, 0x0000000744a00000|  0%| F|  |TAMS 0x0000000744900000, 0x0000000744900000| Untracked 
|  48|0x0000000744a00000, 0x0000000744a00000, 0x0000000744b00000|  0%| F|  |TAMS 0x0000000744a00000, 0x0000000744a00000| Untracked 
|  49|0x0000000744b00000, 0x0000000744b00000, 0x0000000744c00000|  0%| F|  |TAMS 0x0000000744b00000, 0x0000000744b00000| Untracked 
|  50|0x0000000744c00000, 0x0000000744c00000, 0x0000000744d00000|  0%| F|  |TAMS 0x0000000744c00000, 0x0000000744c00000| Untracked 
|  51|0x0000000744d00000, 0x0000000744d00000, 0x0000000744e00000|  0%| F|  |TAMS 0x0000000744d00000, 0x0000000744d00000| Untracked 
|  52|0x0000000744e00000, 0x0000000744e00000, 0x0000000744f00000|  0%| F|  |TAMS 0x0000000744e00000, 0x0000000744e00000| Untracked 
|  53|0x0000000744f00000, 0x0000000744f00000, 0x0000000745000000|  0%| F|  |TAMS 0x0000000744f00000, 0x0000000744f00000| Untracked 
|  54|0x0000000745000000, 0x0000000745000000, 0x0000000745100000|  0%| F|  |TAMS 0x0000000745000000, 0x0000000745000000| Untracked 
|  55|0x0000000745100000, 0x0000000745100000, 0x0000000745200000|  0%| F|  |TAMS 0x0000000745100000, 0x0000000745100000| Untracked 
|  56|0x0000000745200000, 0x0000000745200000, 0x0000000745300000|  0%| F|  |TAMS 0x0000000745200000, 0x0000000745200000| Untracked 
|  57|0x0000000745300000, 0x0000000745300000, 0x0000000745400000|  0%| F|  |TAMS 0x0000000745300000, 0x0000000745300000| Untracked 
|  58|0x0000000745400000, 0x0000000745400000, 0x0000000745500000|  0%| F|  |TAMS 0x0000000745400000, 0x0000000745400000| Untracked 
|  59|0x0000000745500000, 0x0000000745500000, 0x0000000745600000|  0%| F|  |TAMS 0x0000000745500000, 0x0000000745500000| Untracked 
|  60|0x0000000745600000, 0x0000000745600000, 0x0000000745700000|  0%| F|  |TAMS 0x0000000745600000, 0x0000000745600000| Untracked 
|  61|0x0000000745700000, 0x0000000745700000, 0x0000000745800000|  0%| F|  |TAMS 0x0000000745700000, 0x0000000745700000| Untracked 
|  62|0x0000000745800000, 0x0000000745800000, 0x0000000745900000|  0%| F|  |TAMS 0x0000000745800000, 0x0000000745800000| Untracked 
|  63|0x0000000745900000, 0x0000000745900000, 0x0000000745a00000|  0%| F|  |TAMS 0x0000000745900000, 0x0000000745900000| Untracked 
|  64|0x0000000745a00000, 0x0000000745a00000, 0x0000000745b00000|  0%| F|  |TAMS 0x0000000745a00000, 0x0000000745a00000| Untracked 
|  65|0x0000000745b00000, 0x0000000745b00000, 0x0000000745c00000|  0%| F|  |TAMS 0x0000000745b00000, 0x0000000745b00000| Untracked 
|  66|0x0000000745c00000, 0x0000000745c00000, 0x0000000745d00000|  0%| F|  |TAMS 0x0000000745c00000, 0x0000000745c00000| Untracked 
|  67|0x0000000745d00000, 0x0000000745d00000, 0x0000000745e00000|  0%| F|  |TAMS 0x0000000745d00000, 0x0000000745d00000| Untracked 
|  68|0x0000000745e00000, 0x0000000745e00000, 0x0000000745f00000|  0%| F|  |TAMS 0x0000000745e00000, 0x0000000745e00000| Untracked 
|  69|0x0000000745f00000, 0x0000000745f00000, 0x0000000746000000|  0%| F|  |TAMS 0x0000000745f00000, 0x0000000745f00000| Untracked 
|  70|0x0000000746000000, 0x0000000746000000, 0x0000000746100000|  0%| F|  |TAMS 0x0000000746000000, 0x0000000746000000| Untracked 
|  71|0x0000000746100000, 0x0000000746100000, 0x0000000746200000|  0%| F|  |TAMS 0x0000000746100000, 0x0000000746100000| Untracked 
|  72|0x0000000746200000, 0x0000000746200000, 0x0000000746300000|  0%| F|  |TAMS 0x0000000746200000, 0x0000000746200000| Untracked 
|  73|0x0000000746300000, 0x0000000746300000, 0x0000000746400000|  0%| F|  |TAMS 0x0000000746300000, 0x0000000746300000| Untracked 
|  74|0x0000000746400000, 0x0000000746400000, 0x0000000746500000|  0%| F|  |TAMS 0x0000000746400000, 0x0000000746400000| Untracked 
|  75|0x0000000746500000, 0x0000000746500000, 0x0000000746600000|  0%| F|  |TAMS 0x0000000746500000, 0x0000000746500000| Untracked 
|  76|0x0000000746600000, 0x0000000746600000, 0x0000000746700000|  0%| F|  |TAMS 0x0000000746600000, 0x0000000746600000| Untracked 
|  77|0x0000000746700000, 0x0000000746700000, 0x0000000746800000|  0%| F|  |TAMS 0x0000000746700000, 0x0000000746700000| Untracked 
|  78|0x0000000746800000, 0x0000000746800000, 0x0000000746900000|  0%| F|  |TAMS 0x0000000746800000, 0x0000000746800000| Untracked 
|  79|0x0000000746900000, 0x0000000746900000, 0x0000000746a00000|  0%| F|  |TAMS 0x0000000746900000, 0x0000000746900000| Untracked 
|  80|0x0000000746a00000, 0x0000000746a00000, 0x0000000746b00000|  0%| F|  |TAMS 0x0000000746a00000, 0x0000000746a00000| Untracked 
|  81|0x0000000746b00000, 0x0000000746b00000, 0x0000000746c00000|  0%| F|  |TAMS 0x0000000746b00000, 0x0000000746b00000| Untracked 
|  82|0x0000000746c00000, 0x0000000746c00000, 0x0000000746d00000|  0%| F|  |TAMS 0x0000000746c00000, 0x0000000746c00000| Untracked 
|  83|0x0000000746d00000, 0x0000000746d00000, 0x0000000746e00000|  0%| F|  |TAMS 0x0000000746d00000, 0x0000000746d00000| Untracked 
|  84|0x0000000746e00000, 0x0000000746e00000, 0x0000000746f00000|  0%| F|  |TAMS 0x0000000746e00000, 0x0000000746e00000| Untracked 
|  85|0x0000000746f00000, 0x0000000746f00000, 0x0000000747000000|  0%| F|  |TAMS 0x0000000746f00000, 0x0000000746f00000| Untracked 
|  86|0x0000000747000000, 0x0000000747000000, 0x0000000747100000|  0%| F|  |TAMS 0x0000000747000000, 0x0000000747000000| Untracked 
|  87|0x0000000747100000, 0x0000000747100000, 0x0000000747200000|  0%| F|  |TAMS 0x0000000747100000, 0x0000000747100000| Untracked 
|  88|0x0000000747200000, 0x0000000747200000, 0x0000000747300000|  0%| F|  |TAMS 0x0000000747200000, 0x0000000747200000| Untracked 
|  89|0x0000000747300000, 0x0000000747300000, 0x0000000747400000|  0%| F|  |TAMS 0x0000000747300000, 0x0000000747300000| Untracked 
|  90|0x0000000747400000, 0x0000000747400000, 0x0000000747500000|  0%| F|  |TAMS 0x0000000747400000, 0x0000000747400000| Untracked 
|  91|0x0000000747500000, 0x0000000747500000, 0x0000000747600000|  0%| F|  |TAMS 0x0000000747500000, 0x0000000747500000| Untracked 
|  92|0x0000000747600000, 0x0000000747600000, 0x0000000747700000|  0%| F|  |TAMS 0x0000000747600000, 0x0000000747600000| Untracked 
|  93|0x0000000747700000, 0x0000000747700000, 0x0000000747800000|  0%| F|  |TAMS 0x0000000747700000, 0x0000000747700000| Untracked 
|  94|0x0000000747800000, 0x0000000747800000, 0x0000000747900000|  0%| F|  |TAMS 0x0000000747800000, 0x0000000747800000| Untracked 
|  95|0x0000000747900000, 0x0000000747900000, 0x0000000747a00000|  0%| F|  |TAMS 0x0000000747900000, 0x0000000747900000| Untracked 
|  96|0x0000000747a00000, 0x0000000747a00000, 0x0000000747b00000|  0%| F|  |TAMS 0x0000000747a00000, 0x0000000747a00000| Untracked 
|  97|0x0000000747b00000, 0x0000000747b00000, 0x0000000747c00000|  0%| F|  |TAMS 0x0000000747b00000, 0x0000000747b00000| Untracked 
|  98|0x0000000747c00000, 0x0000000747c00000, 0x0000000747d00000|  0%| F|  |TAMS 0x0000000747c00000, 0x0000000747c00000| Untracked 
|  99|0x0000000747d00000, 0x0000000747ddbae0, 0x0000000747e00000| 85%| S|CS|TAMS 0x0000000747d00000, 0x0000000747d00000| Complete 
| 100|0x0000000747e00000, 0x0000000747f00000, 0x0000000747f00000|100%| S|CS|TAMS 0x0000000747e00000, 0x0000000747e00000| Complete 
| 101|0x0000000747f00000, 0x0000000748000000, 0x0000000748000000|100%| S|CS|TAMS 0x0000000747f00000, 0x0000000747f00000| Complete 
| 102|0x0000000748000000, 0x0000000748100000, 0x0000000748100000|100%| S|CS|TAMS 0x0000000748000000, 0x0000000748000000| Complete 
| 103|0x0000000748100000, 0x0000000748200000, 0x0000000748200000|100%| S|CS|TAMS 0x0000000748100000, 0x0000000748100000| Complete 
| 104|0x0000000748200000, 0x0000000748300000, 0x0000000748300000|100%| S|CS|TAMS 0x0000000748200000, 0x0000000748200000| Complete 
| 105|0x0000000748300000, 0x0000000748400000, 0x0000000748400000|100%| S|CS|TAMS 0x0000000748300000, 0x0000000748300000| Complete 
| 106|0x0000000748400000, 0x0000000748500000, 0x0000000748500000|100%| S|CS|TAMS 0x0000000748400000, 0x0000000748400000| Complete 
| 107|0x0000000748500000, 0x0000000748600000, 0x0000000748600000|100%| S|CS|TAMS 0x0000000748500000, 0x0000000748500000| Complete 
| 108|0x0000000748600000, 0x0000000748700000, 0x0000000748700000|100%| S|CS|TAMS 0x0000000748600000, 0x0000000748600000| Complete 
| 109|0x0000000748700000, 0x0000000748800000, 0x0000000748800000|100%| S|CS|TAMS 0x0000000748700000, 0x0000000748700000| Complete 
| 110|0x0000000748800000, 0x0000000748900000, 0x0000000748900000|100%| S|CS|TAMS 0x0000000748800000, 0x0000000748800000| Complete 
| 111|0x0000000748900000, 0x0000000748900000, 0x0000000748a00000|  0%| F|  |TAMS 0x0000000748900000, 0x0000000748900000| Untracked 
| 112|0x0000000748a00000, 0x0000000748a00000, 0x0000000748b00000|  0%| F|  |TAMS 0x0000000748a00000, 0x0000000748a00000| Untracked 
| 113|0x0000000748b00000, 0x0000000748b00000, 0x0000000748c00000|  0%| F|  |TAMS 0x0000000748b00000, 0x0000000748b00000| Untracked 
| 114|0x0000000748c00000, 0x0000000748c00000, 0x0000000748d00000|  0%| F|  |TAMS 0x0000000748c00000, 0x0000000748c00000| Untracked 
| 115|0x0000000748d00000, 0x0000000748d00000, 0x0000000748e00000|  0%| F|  |TAMS 0x0000000748d00000, 0x0000000748d00000| Untracked 
| 116|0x0000000748e00000, 0x0000000748e00000, 0x0000000748f00000|  0%| F|  |TAMS 0x0000000748e00000, 0x0000000748e00000| Untracked 
| 117|0x0000000748f00000, 0x0000000748f00000, 0x0000000749000000|  0%| F|  |TAMS 0x0000000748f00000, 0x0000000748f00000| Untracked 
| 118|0x0000000749000000, 0x0000000749000000, 0x0000000749100000|  0%| F|  |TAMS 0x0000000749000000, 0x0000000749000000| Untracked 
| 119|0x0000000749100000, 0x0000000749100000, 0x0000000749200000|  0%| F|  |TAMS 0x0000000749100000, 0x0000000749100000| Untracked 
| 120|0x0000000749200000, 0x0000000749200000, 0x0000000749300000|  0%| F|  |TAMS 0x0000000749200000, 0x0000000749200000| Untracked 
| 121|0x0000000749300000, 0x0000000749300000, 0x0000000749400000|  0%| F|  |TAMS 0x0000000749300000, 0x0000000749300000| Untracked 
| 122|0x0000000749400000, 0x0000000749400000, 0x0000000749500000|  0%| F|  |TAMS 0x0000000749400000, 0x0000000749400000| Untracked 
| 123|0x0000000749500000, 0x0000000749500000, 0x0000000749600000|  0%| F|  |TAMS 0x0000000749500000, 0x0000000749500000| Untracked 
| 124|0x0000000749600000, 0x0000000749600000, 0x0000000749700000|  0%| F|  |TAMS 0x0000000749600000, 0x0000000749600000| Untracked 
| 125|0x0000000749700000, 0x0000000749700000, 0x0000000749800000|  0%| F|  |TAMS 0x0000000749700000, 0x0000000749700000| Untracked 
| 126|0x0000000749800000, 0x0000000749800000, 0x0000000749900000|  0%| F|  |TAMS 0x0000000749800000, 0x0000000749800000| Untracked 
| 127|0x0000000749900000, 0x0000000749900000, 0x0000000749a00000|  0%| F|  |TAMS 0x0000000749900000, 0x0000000749900000| Untracked 
| 128|0x0000000749a00000, 0x0000000749a00000, 0x0000000749b00000|  0%| F|  |TAMS 0x0000000749a00000, 0x0000000749a00000| Untracked 
| 129|0x0000000749b00000, 0x0000000749b00000, 0x0000000749c00000|  0%| F|  |TAMS 0x0000000749b00000, 0x0000000749b00000| Untracked 
| 130|0x0000000749c00000, 0x0000000749c00000, 0x0000000749d00000|  0%| F|  |TAMS 0x0000000749c00000, 0x0000000749c00000| Untracked 
| 131|0x0000000749d00000, 0x0000000749d00000, 0x0000000749e00000|  0%| F|  |TAMS 0x0000000749d00000, 0x0000000749d00000| Untracked 
| 132|0x0000000749e00000, 0x0000000749e00000, 0x0000000749f00000|  0%| F|  |TAMS 0x0000000749e00000, 0x0000000749e00000| Untracked 
| 133|0x0000000749f00000, 0x0000000749f00000, 0x000000074a000000|  0%| F|  |TAMS 0x0000000749f00000, 0x0000000749f00000| Untracked 
| 134|0x000000074a000000, 0x000000074a000000, 0x000000074a100000|  0%| F|  |TAMS 0x000000074a000000, 0x000000074a000000| Untracked 
| 135|0x000000074a100000, 0x000000074a100000, 0x000000074a200000|  0%| F|  |TAMS 0x000000074a100000, 0x000000074a100000| Untracked 
| 136|0x000000074a200000, 0x000000074a200000, 0x000000074a300000|  0%| F|  |TAMS 0x000000074a200000, 0x000000074a200000| Untracked 
| 137|0x000000074a300000, 0x000000074a300000, 0x000000074a400000|  0%| F|  |TAMS 0x000000074a300000, 0x000000074a300000| Untracked 
| 138|0x000000074a400000, 0x000000074a400000, 0x000000074a500000|  0%| F|  |TAMS 0x000000074a400000, 0x000000074a400000| Untracked 
| 139|0x000000074a500000, 0x000000074a500000, 0x000000074a600000|  0%| F|  |TAMS 0x000000074a500000, 0x000000074a500000| Untracked 
| 140|0x000000074a600000, 0x000000074a600000, 0x000000074a700000|  0%| F|  |TAMS 0x000000074a600000, 0x000000074a600000| Untracked 
| 141|0x000000074a700000, 0x000000074a700000, 0x000000074a800000|  0%| F|  |TAMS 0x000000074a700000, 0x000000074a700000| Untracked 
| 142|0x000000074a800000, 0x000000074a800000, 0x000000074a900000|  0%| F|  |TAMS 0x000000074a800000, 0x000000074a800000| Untracked 
| 143|0x000000074a900000, 0x000000074a900000, 0x000000074aa00000|  0%| F|  |TAMS 0x000000074a900000, 0x000000074a900000| Untracked 
| 144|0x000000074aa00000, 0x000000074aa00000, 0x000000074ab00000|  0%| F|  |TAMS 0x000000074aa00000, 0x000000074aa00000| Untracked 
| 145|0x000000074ab00000, 0x000000074ab00000, 0x000000074ac00000|  0%| F|  |TAMS 0x000000074ab00000, 0x000000074ab00000| Untracked 
| 146|0x000000074ac00000, 0x000000074ac00000, 0x000000074ad00000|  0%| F|  |TAMS 0x000000074ac00000, 0x000000074ac00000| Untracked 
| 147|0x000000074ad00000, 0x000000074ad00000, 0x000000074ae00000|  0%| F|  |TAMS 0x000000074ad00000, 0x000000074ad00000| Untracked 
| 148|0x000000074ae00000, 0x000000074ae00000, 0x000000074af00000|  0%| F|  |TAMS 0x000000074ae00000, 0x000000074ae00000| Untracked 
| 149|0x000000074af00000, 0x000000074af00000, 0x000000074b000000|  0%| F|  |TAMS 0x000000074af00000, 0x000000074af00000| Untracked 
| 150|0x000000074b000000, 0x000000074b000000, 0x000000074b100000|  0%| F|  |TAMS 0x000000074b000000, 0x000000074b000000| Untracked 
| 151|0x000000074b100000, 0x000000074b100000, 0x000000074b200000|  0%| F|  |TAMS 0x000000074b100000, 0x000000074b100000| Untracked 
| 152|0x000000074b200000, 0x000000074b200000, 0x000000074b300000|  0%| F|  |TAMS 0x000000074b200000, 0x000000074b200000| Untracked 
| 153|0x000000074b300000, 0x000000074b300000, 0x000000074b400000|  0%| F|  |TAMS 0x000000074b300000, 0x000000074b300000| Untracked 
| 154|0x000000074b400000, 0x000000074b400000, 0x000000074b500000|  0%| F|  |TAMS 0x000000074b400000, 0x000000074b400000| Untracked 
| 155|0x000000074b500000, 0x000000074b500000, 0x000000074b600000|  0%| F|  |TAMS 0x000000074b500000, 0x000000074b500000| Untracked 
| 156|0x000000074b600000, 0x000000074b600000, 0x000000074b700000|  0%| F|  |TAMS 0x000000074b600000, 0x000000074b600000| Untracked 
| 157|0x000000074b700000, 0x000000074b700000, 0x000000074b800000|  0%| F|  |TAMS 0x000000074b700000, 0x000000074b700000| Untracked 
| 158|0x000000074b800000, 0x000000074b800000, 0x000000074b900000|  0%| F|  |TAMS 0x000000074b800000, 0x000000074b800000| Untracked 
| 159|0x000000074b900000, 0x000000074b900000, 0x000000074ba00000|  0%| F|  |TAMS 0x000000074b900000, 0x000000074b900000| Untracked 
| 160|0x000000074ba00000, 0x000000074ba00000, 0x000000074bb00000|  0%| F|  |TAMS 0x000000074ba00000, 0x000000074ba00000| Untracked 
| 161|0x000000074bb00000, 0x000000074bb00000, 0x000000074bc00000|  0%| F|  |TAMS 0x000000074bb00000, 0x000000074bb00000| Untracked 
| 162|0x000000074bc00000, 0x000000074bc00000, 0x000000074bd00000|  0%| F|  |TAMS 0x000000074bc00000, 0x000000074bc00000| Untracked 
| 163|0x000000074bd00000, 0x000000074bd00000, 0x000000074be00000|  0%| F|  |TAMS 0x000000074bd00000, 0x000000074bd00000| Untracked 
| 164|0x000000074be00000, 0x000000074be00000, 0x000000074bf00000|  0%| F|  |TAMS 0x000000074be00000, 0x000000074be00000| Untracked 
| 165|0x000000074bf00000, 0x000000074bf00000, 0x000000074c000000|  0%| F|  |TAMS 0x000000074bf00000, 0x000000074bf00000| Untracked 
| 166|0x000000074c000000, 0x000000074c000000, 0x000000074c100000|  0%| F|  |TAMS 0x000000074c000000, 0x000000074c000000| Untracked 
| 167|0x000000074c100000, 0x000000074c100000, 0x000000074c200000|  0%| F|  |TAMS 0x000000074c100000, 0x000000074c100000| Untracked 
| 168|0x000000074c200000, 0x000000074c200000, 0x000000074c300000|  0%| F|  |TAMS 0x000000074c200000, 0x000000074c200000| Untracked 
| 169|0x000000074c300000, 0x000000074c300000, 0x000000074c400000|  0%| F|  |TAMS 0x000000074c300000, 0x000000074c300000| Untracked 
| 170|0x000000074c400000, 0x000000074c400000, 0x000000074c500000|  0%| F|  |TAMS 0x000000074c400000, 0x000000074c400000| Untracked 
| 171|0x000000074c500000, 0x000000074c500000, 0x000000074c600000|  0%| F|  |TAMS 0x000000074c500000, 0x000000074c500000| Untracked 
| 172|0x000000074c600000, 0x000000074c600000, 0x000000074c700000|  0%| F|  |TAMS 0x000000074c600000, 0x000000074c600000| Untracked 
| 173|0x000000074c700000, 0x000000074c700000, 0x000000074c800000|  0%| F|  |TAMS 0x000000074c700000, 0x000000074c700000| Untracked 
| 174|0x000000074c800000, 0x000000074c800000, 0x000000074c900000|  0%| F|  |TAMS 0x000000074c800000, 0x000000074c800000| Untracked 
| 175|0x000000074c900000, 0x000000074c900000, 0x000000074ca00000|  0%| F|  |TAMS 0x000000074c900000, 0x000000074c900000| Untracked 
| 176|0x000000074ca00000, 0x000000074ca00000, 0x000000074cb00000|  0%| F|  |TAMS 0x000000074ca00000, 0x000000074ca00000| Untracked 
| 177|0x000000074cb00000, 0x000000074cb00000, 0x000000074cc00000|  0%| F|  |TAMS 0x000000074cb00000, 0x000000074cb00000| Untracked 
| 178|0x000000074cc00000, 0x000000074cc00000, 0x000000074cd00000|  0%| F|  |TAMS 0x000000074cc00000, 0x000000074cc00000| Untracked 
| 179|0x000000074cd00000, 0x000000074cd00000, 0x000000074ce00000|  0%| F|  |TAMS 0x000000074cd00000, 0x000000074cd00000| Untracked 
| 180|0x000000074ce00000, 0x000000074ce00000, 0x000000074cf00000|  0%| F|  |TAMS 0x000000074ce00000, 0x000000074ce00000| Untracked 
| 181|0x000000074cf00000, 0x000000074cf00000, 0x000000074d000000|  0%| F|  |TAMS 0x000000074cf00000, 0x000000074cf00000| Untracked 
| 182|0x000000074d000000, 0x000000074d000000, 0x000000074d100000|  0%| F|  |TAMS 0x000000074d000000, 0x000000074d000000| Untracked 
| 183|0x000000074d100000, 0x000000074d100000, 0x000000074d200000|  0%| F|  |TAMS 0x000000074d100000, 0x000000074d100000| Untracked 
| 184|0x000000074d200000, 0x000000074d200000, 0x000000074d300000|  0%| F|  |TAMS 0x000000074d200000, 0x000000074d200000| Untracked 
| 185|0x000000074d300000, 0x000000074d300000, 0x000000074d400000|  0%| F|  |TAMS 0x000000074d300000, 0x000000074d300000| Untracked 
| 186|0x000000074d400000, 0x000000074d400000, 0x000000074d500000|  0%| F|  |TAMS 0x000000074d400000, 0x000000074d400000| Untracked 
| 187|0x000000074d500000, 0x000000074d500000, 0x000000074d600000|  0%| F|  |TAMS 0x000000074d500000, 0x000000074d500000| Untracked 
| 188|0x000000074d600000, 0x000000074d600000, 0x000000074d700000|  0%| F|  |TAMS 0x000000074d600000, 0x000000074d600000| Untracked 
| 189|0x000000074d700000, 0x000000074d700000, 0x000000074d800000|  0%| F|  |TAMS 0x000000074d700000, 0x000000074d700000| Untracked 
| 190|0x000000074d800000, 0x000000074d800000, 0x000000074d900000|  0%| F|  |TAMS 0x000000074d800000, 0x000000074d800000| Untracked 
| 191|0x000000074d900000, 0x000000074d900000, 0x000000074da00000|  0%| F|  |TAMS 0x000000074d900000, 0x000000074d900000| Untracked 
| 192|0x000000074da00000, 0x000000074da00000, 0x000000074db00000|  0%| F|  |TAMS 0x000000074da00000, 0x000000074da00000| Untracked 
| 193|0x000000074db00000, 0x000000074db00000, 0x000000074dc00000|  0%| F|  |TAMS 0x000000074db00000, 0x000000074db00000| Untracked 
| 194|0x000000074dc00000, 0x000000074dc00000, 0x000000074dd00000|  0%| F|  |TAMS 0x000000074dc00000, 0x000000074dc00000| Untracked 
| 195|0x000000074dd00000, 0x000000074dd00000, 0x000000074de00000|  0%| F|  |TAMS 0x000000074dd00000, 0x000000074dd00000| Untracked 
| 196|0x000000074de00000, 0x000000074de00000, 0x000000074df00000|  0%| F|  |TAMS 0x000000074de00000, 0x000000074de00000| Untracked 
| 197|0x000000074df00000, 0x000000074df00000, 0x000000074e000000|  0%| F|  |TAMS 0x000000074df00000, 0x000000074df00000| Untracked 
| 198|0x000000074e000000, 0x000000074e000000, 0x000000074e100000|  0%| F|  |TAMS 0x000000074e000000, 0x000000074e000000| Untracked 
| 199|0x000000074e100000, 0x000000074e100000, 0x000000074e200000|  0%| F|  |TAMS 0x000000074e100000, 0x000000074e100000| Untracked 
| 200|0x000000074e200000, 0x000000074e200000, 0x000000074e300000|  0%| F|  |TAMS 0x000000074e200000, 0x000000074e200000| Untracked 
| 201|0x000000074e300000, 0x000000074e300000, 0x000000074e400000|  0%| F|  |TAMS 0x000000074e300000, 0x000000074e300000| Untracked 
| 202|0x000000074e400000, 0x000000074e400000, 0x000000074e500000|  0%| F|  |TAMS 0x000000074e400000, 0x000000074e400000| Untracked 
| 203|0x000000074e500000, 0x000000074e500000, 0x000000074e600000|  0%| F|  |TAMS 0x000000074e500000, 0x000000074e500000| Untracked 
| 204|0x000000074e600000, 0x000000074e600000, 0x000000074e700000|  0%| F|  |TAMS 0x000000074e600000, 0x000000074e600000| Untracked 
| 205|0x000000074e700000, 0x000000074e700000, 0x000000074e800000|  0%| F|  |TAMS 0x000000074e700000, 0x000000074e700000| Untracked 
| 206|0x000000074e800000, 0x000000074e800000, 0x000000074e900000|  0%| F|  |TAMS 0x000000074e800000, 0x000000074e800000| Untracked 
| 207|0x000000074e900000, 0x000000074e900000, 0x000000074ea00000|  0%| F|  |TAMS 0x000000074e900000, 0x000000074e900000| Untracked 
| 208|0x000000074ea00000, 0x000000074ea00000, 0x000000074eb00000|  0%| F|  |TAMS 0x000000074ea00000, 0x000000074ea00000| Untracked 
| 209|0x000000074eb00000, 0x000000074eb00000, 0x000000074ec00000|  0%| F|  |TAMS 0x000000074eb00000, 0x000000074eb00000| Untracked 
| 210|0x000000074ec00000, 0x000000074ec00000, 0x000000074ed00000|  0%| F|  |TAMS 0x000000074ec00000, 0x000000074ec00000| Untracked 
| 211|0x000000074ed00000, 0x000000074ed00000, 0x000000074ee00000|  0%| F|  |TAMS 0x000000074ed00000, 0x000000074ed00000| Untracked 
| 212|0x000000074ee00000, 0x000000074ee00000, 0x000000074ef00000|  0%| F|  |TAMS 0x000000074ee00000, 0x000000074ee00000| Untracked 
| 213|0x000000074ef00000, 0x000000074ef00000, 0x000000074f000000|  0%| F|  |TAMS 0x000000074ef00000, 0x000000074ef00000| Untracked 
| 214|0x000000074f000000, 0x000000074f000000, 0x000000074f100000|  0%| F|  |TAMS 0x000000074f000000, 0x000000074f000000| Untracked 
| 215|0x000000074f100000, 0x000000074f100000, 0x000000074f200000|  0%| F|  |TAMS 0x000000074f100000, 0x000000074f100000| Untracked 
| 216|0x000000074f200000, 0x000000074f200000, 0x000000074f300000|  0%| F|  |TAMS 0x000000074f200000, 0x000000074f200000| Untracked 
| 217|0x000000074f300000, 0x000000074f300000, 0x000000074f400000|  0%| F|  |TAMS 0x000000074f300000, 0x000000074f300000| Untracked 
| 218|0x000000074f400000, 0x000000074f400000, 0x000000074f500000|  0%| F|  |TAMS 0x000000074f400000, 0x000000074f400000| Untracked 
| 219|0x000000074f500000, 0x000000074f500000, 0x000000074f600000|  0%| F|  |TAMS 0x000000074f500000, 0x000000074f500000| Untracked 
| 220|0x000000074f600000, 0x000000074f600000, 0x000000074f700000|  0%| F|  |TAMS 0x000000074f600000, 0x000000074f600000| Untracked 
| 221|0x000000074f700000, 0x000000074f700000, 0x000000074f800000|  0%| F|  |TAMS 0x000000074f700000, 0x000000074f700000| Untracked 
| 222|0x000000074f800000, 0x000000074f800000, 0x000000074f900000|  0%| F|  |TAMS 0x000000074f800000, 0x000000074f800000| Untracked 
| 223|0x000000074f900000, 0x000000074f900000, 0x000000074fa00000|  0%| F|  |TAMS 0x000000074f900000, 0x000000074f900000| Untracked 
| 224|0x000000074fa00000, 0x000000074fa00000, 0x000000074fb00000|  0%| F|  |TAMS 0x000000074fa00000, 0x000000074fa00000| Untracked 
| 225|0x000000074fb00000, 0x000000074fb00000, 0x000000074fc00000|  0%| F|  |TAMS 0x000000074fb00000, 0x000000074fb00000| Untracked 
| 226|0x000000074fc00000, 0x000000074fd00000, 0x000000074fd00000|100%| E|  |TAMS 0x000000074fc00000, 0x000000074fc00000| Complete 
| 227|0x000000074fd00000, 0x000000074fe00000, 0x000000074fe00000|100%| E|CS|TAMS 0x000000074fd00000, 0x000000074fd00000| Complete 
| 228|0x000000074fe00000, 0x000000074ff00000, 0x000000074ff00000|100%| E|CS|TAMS 0x000000074fe00000, 0x000000074fe00000| Complete 
| 229|0x000000074ff00000, 0x0000000750000000, 0x0000000750000000|100%| E|CS|TAMS 0x000000074ff00000, 0x000000074ff00000| Complete 
| 230|0x0000000750000000, 0x0000000750100000, 0x0000000750100000|100%| E|CS|TAMS 0x0000000750000000, 0x0000000750000000| Complete 

Card table byte_map: [0x0000026dd6cf0000,0x0000026dd72f0000] _byte_map_base: 0x0000026dd32e3000

Marking Bits (Prev, Next): (CMBitMap*) 0x0000026dbfd592a0, (CMBitMap*) 0x0000026dbfd59268
 Prev Bits: [0x0000026dda890000, 0x0000026ddd828000)
 Next Bits: [0x0000026dd78f0000, 0x0000026dda888000)

Polling page: 0x0000026dbde90000

Metaspace:

Usage:
  Non-class:     59.34 MB capacity,    58.36 MB ( 98%) used,   786.95 KB (  1%) free+waste,   216.31 KB ( <1%) overhead. 
      Class:      9.30 MB capacity,     8.57 MB ( 92%) used,   636.62 KB (  7%) free+waste,   106.88 KB (  1%) overhead. 
       Both:     68.64 MB capacity,    66.93 MB ( 98%) used,     1.39 MB (  2%) free+waste,   323.19 KB ( <1%) overhead. 

Virtual space:
  Non-class space:       60.00 MB reserved,      59.45 MB (>99%) committed 
      Class space:        1.00 GB reserved,       9.38 MB ( <1%) committed 
             Both:        1.06 GB reserved,      68.82 MB (  6%) committed 

Chunk freelists:
   Non-Class:  5.63 KB
       Class:  2.00 KB
        Both:  7.63 KB

CodeHeap 'non-profiled nmethods': size=120000Kb used=4062Kb max_used=4062Kb free=115937Kb
 bounds [0x0000026dcee90000, 0x0000026dcf290000, 0x0000026dd63c0000]
CodeHeap 'profiled nmethods': size=120000Kb used=12753Kb max_used=12753Kb free=107247Kb
 bounds [0x0000026dc7960000, 0x0000026dc85e0000, 0x0000026dcee90000]
CodeHeap 'non-nmethods': size=5760Kb used=1238Kb max_used=1289Kb free=4521Kb
 bounds [0x0000026dc73c0000, 0x0000026dc7630000, 0x0000026dc7960000]
 total_blobs=6123 nmethods=5516 adapters=518
 compilation: enabled
              stopped_count=0, restarted_count=0
 full_count=0

Compilation events (10 events):
Event: 42048.049 Thread 0x0000026de0c28800 nmethod 5536 0x0000026dc85d3510 code [0x0000026dc85d3760, 0x0000026dc85d40a8]
Event: 42048.049 Thread 0x0000026de0c21000 nmethod 5539 0x0000026dcf283990 code [0x0000026dcf283b00, 0x0000026dcf283bd8]
Event: 42048.049 Thread 0x0000026de0c21000 5540       4       java.util.concurrent.TimeUnit::convert (77 bytes)
Event: 42048.052 Thread 0x0000026de0c21000 nmethod 5540 0x0000026dcf283c90 code [0x0000026dcf283e20, 0x0000026dcf283f58]
Event: 42048.053 Thread 0x0000026de0c21000 5541       4       java.util.concurrent.ConcurrentHashMap$Traverser::<init> (36 bytes)
Event: 42048.057 Thread 0x0000026de0c21000 nmethod 5541 0x0000026dcf284090 code [0x0000026dcf284200, 0x0000026dcf284398]
Event: 42048.058 Thread 0x0000026de0c21000 5543       4       java.util.concurrent.ScheduledThreadPoolExecutor$DelayedWorkQueue::add (9 bytes)
Event: 42048.243 Thread 0x0000026de0c21000 nmethod 5543 0x0000026dcf284410 code [0x0000026dcf284660, 0x0000026dcf286cb0]
Event: 42048.244 Thread 0x0000026de0c21000 5544       4       java.util.concurrent.ScheduledThreadPoolExecutor$DelayedWorkQueue::siftUp (64 bytes)
Event: 42048.244 Thread 0x0000026de0dce000 5547       4       java.util.concurrent.ScheduledThreadPoolExecutor$DelayedWorkQueue::siftDown (119 bytes)

GC Heap History (10 events):
Event: 3.452 GC heap before
{Heap before GC invocations=4 (full 0):
 garbage-first heap   total 196608K, used 94456K [0x0000000741a00000, 0x0000000800000000)
  region size 1024K, 85 young (87040K), 5 survivors (5120K)
 Metaspace       used 32926K, capacity 33861K, committed 34048K, reserved 1079296K
  class space    used 3910K, capacity 4259K, committed 4352K, reserved 1048576K
}
Event: 3.459 GC heap after
{Heap after GC invocations=5 (full 0):
 garbage-first heap   total 196608K, used 14762K [0x0000000741a00000, 0x0000000800000000)
  region size 1024K, 7 young (7168K), 7 survivors (7168K)
 Metaspace       used 32926K, capacity 33861K, committed 34048K, reserved 1079296K
  class space    used 3910K, capacity 4259K, committed 4352K, reserved 1048576K
}
Event: 3.688 GC heap before
{Heap before GC invocations=5 (full 0):
 garbage-first heap   total 196608K, used 26026K [0x0000000741a00000, 0x0000000800000000)
  region size 1024K, 19 young (19456K), 7 survivors (7168K)
 Metaspace       used 34706K, capacity 35790K, committed 35840K, reserved 1081344K
  class space    used 4180K, capacity 4608K, committed 4608K, reserved 1048576K
}
Event: 3.697 GC heap after
{Heap after GC invocations=6 (full 0):
 garbage-first heap   total 236544K, used 15834K [0x0000000741a00000, 0x0000000800000000)
  region size 1024K, 8 young (8192K), 8 survivors (8192K)
 Metaspace       used 34706K, capacity 35790K, committed 35840K, reserved 1081344K
  class space    used 4180K, capacity 4608K, committed 4608K, reserved 1048576K
}
Event: 5.778 GC heap before
{Heap before GC invocations=7 (full 0):
 garbage-first heap   total 236544K, used 125402K [0x0000000741a00000, 0x0000000800000000)
  region size 1024K, 115 young (117760K), 8 survivors (8192K)
 Metaspace       used 53767K, capacity 55100K, committed 55116K, reserved 1097728K
  class space    used 6727K, capacity 7284K, committed 7296K, reserved 1048576K
}
Event: 5.789 GC heap after
{Heap after GC invocations=8 (full 0):
 garbage-first heap   total 236544K, used 21978K [0x0000000741a00000, 0x0000000800000000)
  region size 1024K, 14 young (14336K), 14 survivors (14336K)
 Metaspace       used 53767K, capacity 55100K, committed 55116K, reserved 1097728K
  class space    used 6727K, capacity 7284K, committed 7296K, reserved 1048576K
}
Event: 6.160 GC heap before
{Heap before GC invocations=8 (full 0):
 garbage-first heap   total 236544K, used 48602K [0x0000000741a00000, 0x0000000800000000)
  region size 1024K, 41 young (41984K), 14 survivors (14336K)
 Metaspace       used 58717K, capacity 60041K, committed 60236K, reserved 1101824K
  class space    used 7519K, capacity 8056K, committed 8064K, reserved 1048576K
}
Event: 6.174 GC heap after
{Heap after GC invocations=9 (full 0):
 garbage-first heap   total 236544K, used 22974K [0x0000000741a00000, 0x0000000800000000)
  region size 1024K, 9 young (9216K), 9 survivors (9216K)
 Metaspace       used 58717K, capacity 60041K, committed 60236K, reserved 1101824K
  class space    used 7519K, capacity 8056K, committed 8064K, reserved 1048576K
}
Event: 1010.496 GC heap before
{Heap before GC invocations=10 (full 0):
 garbage-first heap   total 236544K, used 136638K [0x0000000741a00000, 0x0000000800000000)
  region size 1024K, 120 young (122880K), 9 survivors (9216K)
 Metaspace       used 68539K, capacity 70287K, committed 70476K, reserved 1110016K
  class space    used 8776K, capacity 9520K, committed 9600K, reserved 1048576K
}
Event: 1010.505 GC heap after
{Heap after GC invocations=11 (full 0):
 garbage-first heap   total 236544K, used 27618K [0x0000000741a00000, 0x0000000800000000)
  region size 1024K, 12 young (12288K), 12 survivors (12288K)
 Metaspace       used 68539K, capacity 70287K, committed 70476K, reserved 1110016K
  class space    used 8776K, capacity 9520K, committed 9600K, reserved 1048576K
}

Deoptimization events (10 events):
Event: 7.152 Thread 0x0000026de2046000 Uncommon trap: reason=unstable_if action=reinterpret pc=0x0000026dcef6a370 method=java.util.concurrent.ConcurrentHashMap.transfer([Ljava/util/concurrent/ConcurrentHashMap$Node;[Ljava/util/concurrent/ConcurrentHashMap$Node;)V @ 352 c2
Event: 7.198 Thread 0x0000026de2046000 Uncommon trap: reason=unstable_if action=reinterpret pc=0x0000026dcf074558 method=org.springframework.beans.factory.support.DefaultSingletonBeanRegistry.getSingleton(Ljava/lang/String;Z)Ljava/lang/Object; @ 39 c2
Event: 7.210 Thread 0x0000026de2046000 Uncommon trap: reason=class_check action=maybe_recompile pc=0x0000026dcf04bd34 method=org.springframework.core.SerializableTypeWrapper.unwrap(Ljava/lang/reflect/Type;)Ljava/lang/reflect/Type; @ 18 c2
Event: 7.211 Thread 0x0000026de2046000 Uncommon trap: reason=class_check action=maybe_recompile pc=0x0000026dcf201164 method=org.springframework.boot.context.properties.source.ConfigurationPropertyName$Elements.charAt(II)C @ 43 c2
Event: 7.211 Thread 0x0000026de2046000 Uncommon trap: reason=class_check action=maybe_recompile pc=0x0000026dcf201164 method=org.springframework.boot.context.properties.source.ConfigurationPropertyName$Elements.charAt(II)C @ 43 c2
Event: 7.221 Thread 0x0000026de2046000 Uncommon trap: reason=null_check action=make_not_entrant pc=0x0000026dcf0088e0 method=org.springframework.util.ClassUtils.isAssignable(Ljava/lang/Class;Ljava/lang/Class;)Z @ 14 c2
Event: 7.255 Thread 0x0000026de2046000 Uncommon trap: reason=bimorphic_or_optimized_type_check action=maybe_recompile pc=0x0000026dcf04a228 method=java.util.Collections$SetFromMap.contains(Ljava/lang/Object;)Z @ 5 c2
Event: 7.294 Thread 0x0000026de2046000 Uncommon trap: reason=unstable_if action=reinterpret pc=0x0000026dcf1aed84 method=org.springframework.core.annotation.AnnotationsScanner.isWithoutHierarchy(Ljava/lang/reflect/AnnotatedElement;Lorg/springframework/core/annotation/MergedAnnotations$SearchSt
Event: 7.336 Thread 0x0000026de2046000 Uncommon trap: reason=unstable_if action=reinterpret pc=0x0000026dcef4b55c method=org.springframework.util.ConcurrentReferenceHashMap$Segment.clear()V @ 7 c2
Event: 7.340 Thread 0x0000026de2046000 Uncommon trap: reason=speculate_null_assert action=make_not_entrant pc=0x0000026dcef4c550 method=org.springframework.util.ConcurrentReferenceHashMap$Segment.restructureIfNecessary(Z)V @ 41 c2

Classes redefined (0 events):
No events

Internal exceptions (10 events):
Event: 7.030 Thread 0x0000026de2046000 Exception <a 'java/lang/NoSuchMethodError'{0x000000074ba296a8}: java.lang.invoke.DirectMethodHandle$Holder.invokeVirtual(Ljava/lang/Object;Ljava/lang/Object;J)V> (0x000000074ba296a8) thrown at [./open/src/hotspot/share/interpreter/linkResolver.cpp, line 7
Event: 7.087 Thread 0x0000026de2046000 Exception <a 'java/lang/NoSuchMethodError'{0x000000074b6b1798}: java.lang.invoke.DirectMethodHandle$Holder.newInvokeSpecial(Ljava/lang/Object;Ljava/lang/Object;Ljava/lang/Object;Ljava/lang/Object;Ljava/lang/Object;)Ljava/lang/Object;> (0x000000074b6b1798)
Event: 7.164 Thread 0x0000026de2046000 Exception <a 'java/lang/IncompatibleClassChangeError'{0x000000074b0b4748}: Found class java.lang.Object, but interface was expected> (0x000000074b0b4748) thrown at [./open/src/hotspot/share/interpreter/linkResolver.cpp, line 838]
Event: 7.221 Thread 0x0000026de2046000 Implicit null exception at 0x0000026dcf0086d7 to 0x0000026dcf0088cc
Event: 7.258 Thread 0x0000026de2046000 Exception <a 'java/lang/NoSuchMethodError'{0x000000074a90b198}: java.lang.invoke.DirectMethodHandle$Holder.newInvokeSpecial(Ljava/lang/Object;Ljava/lang/Object;Ljava/lang/Object;)Ljava/lang/Object;> (0x000000074a90b198) thrown at [./open/src/hotspot/share
Event: 7.291 Thread 0x0000026de2046000 Exception <a 'java/net/BindException'{0x000000074a86e050}: Address already in use: NET_Bind> (0x000000074a86e050) thrown at [./open/src/hotspot/share/prims/jni.cpp, line 632]
Event: 7.300 Thread 0x0000026de2046000 Exception <a 'java/lang/NoSuchMethodError'{0x000000074a732b58}: java.lang.invoke.DirectMethodHandle$Holder.invokeSpecial(Ljava/lang/Object;Ljava/lang/Object;ILjava/lang/Object;ILjava/lang/Object;)Ljava/lang/Object;> (0x000000074a732b58) thrown at [./open/
Event: 7.301 Thread 0x0000026de2046000 Exception <a 'java/lang/NoSuchMethodError'{0x000000074a73a2e0}: java.lang.invoke.DirectMethodHandle$Holder.invokeStatic(Ljava/lang/Object;Ljava/lang/Object;ILjava/lang/Object;I)Ljava/lang/Object;> (0x000000074a73a2e0) thrown at [./open/src/hotspot/share/i
Event: 7.301 Thread 0x0000026de2046000 Exception <a 'java/lang/NoSuchMethodError'{0x000000074a73dab8}: java.lang.invoke.DirectMethodHandle$Holder.invokeSpecial(Ljava/lang/Object;Ljava/lang/Object;Ljava/lang/Object;ILjava/lang/Object;I)Ljava/lang/Object;> (0x000000074a73dab8) thrown at [./open/
Event: 7.303 Thread 0x0000026de2046000 Exception <a 'java/lang/NoSuchMethodError'{0x000000074a7497a8}: java.lang.invoke.DirectMethodHandle$Holder.invokeVirtual(Ljava/lang/Object;Ljava/lang/Object;)V> (0x000000074a7497a8) thrown at [./open/src/hotspot/share/interpreter/linkResolver.cpp, line 77

Events (10 events):
Event: 14.590 loading class org/apache/catalina/webresources/CachedResource done
Event: 14.590 Executing VM operation: RevokeBias
Event: 14.590 Executing VM operation: RevokeBias done
Event: 14.590 loading class org/apache/tomcat/PeriodicEventListener
Event: 14.590 loading class org/apache/tomcat/PeriodicEventListener done
Event: 14.591 Executing VM operation: RevokeBias
Event: 14.591 Executing VM operation: RevokeBias done
Event: 1010.496 Executing VM operation: G1CollectForAllocation
Event: 1010.505 Executing VM operation: G1CollectForAllocation done
Event: 42048.243 Thread 0x0000026de0dce000 Thread added: 0x0000026de0dce000


Dynamic libraries:
0x00007ff643cf0000 - 0x00007ff643cff000 	C:\Program Files\Java\jdk-11.0.17\bin\java.exe
0x00007ffb13e50000 - 0x00007ffb14067000 	C:\WINDOWS\SYSTEM32\ntdll.dll
0x00007ffb12930000 - 0x00007ffb129f4000 	C:\WINDOWS\System32\KERNEL32.DLL
0x00007ffb11750000 - 0x00007ffb11af6000 	C:\WINDOWS\System32\KERNELBASE.dll
0x00007ffb111c0000 - 0x00007ffb112d1000 	C:\WINDOWS\System32\ucrtbase.dll
0x00007ffad4e70000 - 0x00007ffad4e85000 	C:\Program Files\Java\jdk-11.0.17\bin\VCRUNTIME140.dll
0x00007ffaf03b0000 - 0x00007ffaf03c8000 	C:\Program Files\Java\jdk-11.0.17\bin\jli.dll
0x00007ffb12310000 - 0x00007ffb123c1000 	C:\WINDOWS\System32\ADVAPI32.dll
0x00007ffb13910000 - 0x00007ffb139b7000 	C:\WINDOWS\System32\msvcrt.dll
0x00007ffb12260000 - 0x00007ffb12305000 	C:\WINDOWS\System32\sechost.dll
0x00007ffb13cf0000 - 0x00007ffb13e07000 	C:\WINDOWS\System32\RPCRT4.dll
0x00007ffb12f00000 - 0x00007ffb130ae000 	C:\WINDOWS\System32\USER32.dll
0x00007ffaf4c40000 - 0x00007ffaf4ed3000 	C:\WINDOWS\WinSxS\amd64_microsoft.windows.common-controls_6595b64144ccf1df_6.0.22621.2506_none_270c5ae97388e100\COMCTL32.dll
0x00007ffb11b70000 - 0x00007ffb11b96000 	C:\WINDOWS\System32\win32u.dll
0x00007ffb12900000 - 0x00007ffb12929000 	C:\WINDOWS\System32\GDI32.dll
0x00007ffb115b0000 - 0x00007ffb116c8000 	C:\WINDOWS\System32\gdi32full.dll
0x00007ffb11450000 - 0x00007ffb114ea000 	C:\WINDOWS\System32\msvcp_win.dll
0x00007ffb07140000 - 0x00007ffb0714a000 	C:\WINDOWS\SYSTEM32\VERSION.dll
0x00007ffb12b30000 - 0x00007ffb12b61000 	C:\WINDOWS\System32\IMM32.DLL
0x00007ffaa76f0000 - 0x00007ffaa778b000 	C:\Program Files\Java\jdk-11.0.17\bin\msvcp140.dll
0x00007ffa647e0000 - 0x00007ffa652fa000 	C:\Program Files\Java\jdk-11.0.17\bin\server\jvm.dll
0x00007ffb13a20000 - 0x00007ffb13a28000 	C:\WINDOWS\System32\PSAPI.DLL
0x00007ffaed490000 - 0x00007ffaed499000 	C:\WINDOWS\SYSTEM32\WSOCK32.dll
0x00007ffb05dc0000 - 0x00007ffb05df4000 	C:\WINDOWS\SYSTEM32\WINMM.dll
0x00007ffb12ab0000 - 0x00007ffb12b21000 	C:\WINDOWS\System32\WS2_32.dll
0x00007ffb10180000 - 0x00007ffb10198000 	C:\WINDOWS\SYSTEM32\kernel.appcore.dll
0x00007ffb098e0000 - 0x00007ffb098f0000 	C:\Program Files\Java\jdk-11.0.17\bin\verify.dll
0x00007ffb06f00000 - 0x00007ffb07133000 	C:\WINDOWS\SYSTEM32\DBGHELP.DLL
0x00007ffb12b70000 - 0x00007ffb12ef9000 	C:\WINDOWS\System32\combase.dll
0x00007ffb127a0000 - 0x00007ffb12877000 	C:\WINDOWS\System32\OLEAUT32.dll
0x00007ffaf0d80000 - 0x00007ffaf0db2000 	C:\WINDOWS\SYSTEM32\dbgcore.DLL
0x00007ffb116d0000 - 0x00007ffb1174a000 	C:\WINDOWS\System32\bcryptPrimitives.dll
0x00007ffabe000000 - 0x00007ffabe028000 	C:\Program Files\Java\jdk-11.0.17\bin\java.dll
0x00007ffb02780000 - 0x00007ffb0278a000 	C:\Program Files\Java\jdk-11.0.17\bin\jimage.dll
0x00007ffb09a80000 - 0x00007ffb09a8e000 	C:\Program Files\Java\jdk-11.0.17\bin\instrument.dll
0x00007ffacee00000 - 0x00007ffacee16000 	C:\Program Files\Java\jdk-11.0.17\bin\zip.dll
0x00007ffb130b0000 - 0x00007ffb1390a000 	C:\WINDOWS\System32\SHELL32.dll
0x00007ffb0f090000 - 0x00007ffb0f986000 	C:\WINDOWS\SYSTEM32\windows.storage.dll
0x00007ffb0ef50000 - 0x00007ffb0f08e000 	C:\WINDOWS\SYSTEM32\wintypes.dll
0x00007ffb13bf0000 - 0x00007ffb13ce3000 	C:\WINDOWS\System32\SHCORE.dll
0x00007ffb139c0000 - 0x00007ffb13a1e000 	C:\WINDOWS\System32\shlwapi.dll
0x00007ffb110f0000 - 0x00007ffb11116000 	C:\WINDOWS\SYSTEM32\profapi.dll
0x00007ffabe190000 - 0x00007ffabe1a9000 	C:\Program Files\Java\jdk-11.0.17\bin\net.dll
0x00007ffb060c0000 - 0x00007ffb061f7000 	C:\WINDOWS\SYSTEM32\WINHTTP.dll
0x00007ffb105f0000 - 0x00007ffb10659000 	C:\WINDOWS\system32\mswsock.dll
0x00007ffab9340000 - 0x00007ffab9352000 	C:\Program Files\Java\jdk-11.0.17\bin\nio.dll
0x00007ffb09910000 - 0x00007ffb0992a000 	C:\Program Files\JetBrains\IntelliJ IDEA Community Edition 2023.2.2\bin\breakgen64.dll
0x00007ffae9a60000 - 0x00007ffae9a69000 	C:\Program Files\Java\jdk-11.0.17\bin\management.dll
0x00007ffae1840000 - 0x00007ffae184b000 	C:\Program Files\Java\jdk-11.0.17\bin\management_ext.dll
0x00007ffaeb0c0000 - 0x00007ffaeb0d7000 	C:\WINDOWS\system32\napinsp.dll
0x00007ffaeb0a0000 - 0x00007ffaeb0bb000 	C:\WINDOWS\system32\pnrpnsp.dll
0x00007ffb0fc60000 - 0x00007ffb0fd59000 	C:\WINDOWS\SYSTEM32\DNSAPI.dll
0x00007ffb0fc30000 - 0x00007ffb0fc5d000 	C:\WINDOWS\SYSTEM32\IPHLPAPI.DLL
0x00007ffb12090000 - 0x00007ffb12099000 	C:\WINDOWS\System32\NSI.dll
0x00007ffaeafd0000 - 0x00007ffaeafe1000 	C:\WINDOWS\System32\winrnr.dll
0x00007ffb05b10000 - 0x00007ffb05b25000 	C:\WINDOWS\system32\wshbth.dll
0x00007ffaeaf50000 - 0x00007ffaeaf71000 	C:\WINDOWS\system32\nlansp_c.dll
0x00007ffb03980000 - 0x00007ffb0398a000 	C:\Windows\System32\rasadhlp.dll
0x00007ffb043f0000 - 0x00007ffb04473000 	C:\WINDOWS\System32\fwpuclnt.dll
0x00007ffb10a30000 - 0x00007ffb10a4b000 	C:\WINDOWS\SYSTEM32\CRYPTSP.dll
0x00007ffb100e0000 - 0x00007ffb10115000 	C:\WINDOWS\system32\rsaenh.dll
0x00007ffb10700000 - 0x00007ffb1072c000 	C:\WINDOWS\SYSTEM32\USERENV.dll
0x00007ffb10b70000 - 0x00007ffb10b98000 	C:\WINDOWS\SYSTEM32\bcrypt.dll
0x00007ffb10a10000 - 0x00007ffb10a1c000 	C:\WINDOWS\SYSTEM32\CRYPTBASE.dll
0x00007ffb05b50000 - 0x00007ffb05b69000 	C:\WINDOWS\SYSTEM32\dhcpcsvc6.DLL
0x00007ffb05b30000 - 0x00007ffb05b4f000 	C:\WINDOWS\SYSTEM32\dhcpcsvc.DLL
0x00007ffb09900000 - 0x00007ffb0990d000 	C:\Program Files\Java\jdk-11.0.17\bin\sunmscapi.dll
0x00007ffb112e0000 - 0x00007ffb11446000 	C:\WINDOWS\System32\CRYPT32.dll
0x00007ffb10b20000 - 0x00007ffb10b4d000 	C:\WINDOWS\SYSTEM32\ncrypt.dll
0x00007ffb10aa0000 - 0x00007ffb10ad7000 	C:\WINDOWS\SYSTEM32\NTASN1.dll
0x00007ffafce40000 - 0x00007ffafce65000 	C:\Program Files\Java\jdk-11.0.17\bin\sunec.dll

dbghelp: loaded successfully - version: 4.0.5 - missing functions: none
symbol engine: initialized successfully - sym options: 0x614 - pdb path: .;C:\Program Files\Java\jdk-11.0.17\bin;C:\WINDOWS\SYSTEM32;C:\WINDOWS\WinSxS\amd64_microsoft.windows.common-controls_6595b64144ccf1df_6.0.22621.2506_none_270c5ae97388e100;C:\Program Files\Java\jdk-11.0.17\bin\server;C:\Program Files\JetBrains\IntelliJ IDEA Community Edition 2023.2.2\bin

VM Arguments:
jvm_args: -javaagent:C:\Program Files\JetBrains\IntelliJ IDEA Community Edition 2023.2.2\lib\idea_rt.jar=8903:C:\Program Files\JetBrains\IntelliJ IDEA Community Edition 2023.2.2\bin -Dfile.encoding=UTF-8 
java_command: com.dev.customerserviceapi.CustomerServiceApiApplicationTests
java_class_path (initial): E:\SQL\SpringBoot stack\customer-service-api\customer-service-api\target\test-classes;E:\SQL\SpringBoot stack\customer-service-api\customer-service-api\target\classes;C:\Users\Shehan Jayathunga\.m2\repository\org\springframework\boot\spring-boot-starter-data-jpa\2.7.17\spring-boot-starter-data-jpa-2.7.17.jar;C:\Users\Shehan Jayathunga\.m2\repository\org\springframework\boot\spring-boot-starter-aop\2.7.17\spring-boot-starter-aop-2.7.17.jar;C:\Users\Shehan Jayathunga\.m2\repository\org\springframework\spring-aop\5.3.30\spring-aop-5.3.30.jar;C:\Users\Shehan Jayathunga\.m2\repository\org\aspectj\aspectjweaver\1.9.7\aspectjweaver-1.9.7.jar;C:\Users\Shehan Jayathunga\.m2\repository\org\springframework\boot\spring-boot-starter-jdbc\2.7.17\spring-boot-starter-jdbc-2.7.17.jar;C:\Users\Shehan Jayathunga\.m2\repository\com\zaxxer\HikariCP\4.0.3\HikariCP-4.0.3.jar;C:\Users\Shehan Jayathunga\.m2\repository\org\springframework\spring-jdbc\5.3.30\spring-jdbc-5.3.30.jar;C:\Users\Shehan Jayathunga\.m2\repository\jakarta\transaction\jakarta.transaction-api\1.3.3\jakarta.transaction-api-1.3.3.jar;C:\Users\Shehan Jayathunga\.m2\repository\jakarta\persistence\jakarta.persistence-api\2.2.3\jakarta.persistence-api-2.2.3.jar;C:\Users\Shehan Jayathunga\.m2\repository\org\hibernate\hibernate-core\5.6.15.Final\hibernate-core-5.6.15.Final.jar;C:\Users\Shehan Jayathunga\.m2\repository\org\jboss\logging\jboss-logging\3.4.3.Final\jboss-logging-3.4.3.Final.jar;C:\Users\Shehan Jayathunga\.m2\repository\net\bytebuddy\byte-buddy\1.12.23\byte-buddy-1.12.23.jar;C:\Users\Shehan Jayathunga\.m2\repository\antlr\antlr\2.7.7\antlr-2.7.7.jar;C:\Users\Shehan Jayathunga\.m2\repository\org\jboss\jandex\2.4.2.Final\jandex-2.4.2.Final.jar;C:\Users\Shehan Jayathunga\.m2\repository\com\fasterxml\classmate\1.5.1\classmate-1.5.1.jar;C:\Users\Shehan Jayathunga\.m2\repository\org\hibernate\common\hibernate-commons-annotations\5.1.2.Final\hibernate-commons-annotations-5.1.2.Final.jar;C:\User
Launcher Type: SUN_STANDARD

[Global flags]
     intx CICompilerCount                          = 4                                         {product} {ergonomic}
     uint ConcGCThreads                            = 2                                         {product} {ergonomic}
     uint G1ConcRefinementThreads                  = 8                                         {product} {ergonomic}
   size_t G1HeapRegionSize                         = 1048576                                   {product} {ergonomic}
    uintx GCDrainStackTargetSize                   = 64                                        {product} {ergonomic}
   size_t InitialHeapSize                          = 201326592                                 {product} {ergonomic}
   size_t MarkStackSize                            = 4194304                                   {product} {ergonomic}
   size_t MaxHeapSize                              = 3193962496                                {product} {ergonomic}
   size_t MaxNewSize                               = 1915748352                                {product} {ergonomic}
   size_t MinHeapDeltaBytes                        = 1048576                                   {product} {ergonomic}
    uintx NonNMethodCodeHeapSize                   = 5836300                                {pd product} {ergonomic}
    uintx NonProfiledCodeHeapSize                  = 122910970                              {pd product} {ergonomic}
    uintx ProfiledCodeHeapSize                     = 122910970                              {pd product} {ergonomic}
    uintx ReservedCodeCacheSize                    = 251658240                              {pd product} {ergonomic}
     bool SegmentedCodeCache                       = true                                      {product} {ergonomic}
     bool UseCompressedClassPointers               = true                                 {lp64_product} {ergonomic}
     bool UseCompressedOops                        = true                                 {lp64_product} {ergonomic}
     bool UseG1GC                                  = true                                      {product} {ergonomic}
     bool UseLargePagesIndividualAllocation        = false                                  {pd product} {ergonomic}

Logging:
Log output configuration:
 #0: stdout all=warning uptime,level,tags
 #1: stderr all=off uptime,level,tags

Environment Variables:
JAVA_HOME=C:\Program Files\Java\jdk-11.0.17
PATH=C:\Program Files\Common Files\Microsoft Shared\Windows Live;C:\Program Files (x86)\Common Files\Microsoft Shared\Windows Live;C:\WINDOWS\system32;C:\WINDOWS;C:\WINDOWS\System32\Wbem;C:\WINDOWS\System32\WindowsPowerShell\v1.0\;C:\Program Files (x86)\Windows Live\Shared;C:\Program Files\nodejs;C:\Program Files\Git\cmd;C:\Program Files\MySQL\MySQL Server 8.0\bin;C:\Program Files\Java\jdk-11.0.17\bin;C:\Program Files (x86)\NetSarang\Xshell 7\;C:\WINDOWS\System32\OpenSSH\;;C:\Program Files\Docker\Docker\resources\bin;C:\Program Files (x86)\Intel\Intel(R) Management Engine Components\DAL;C:\Program Files\Intel\Intel(R) Management Engine Components\DAL;C:\Program Files\nodejs\;C:\Program Files\MySQL\MySQL Shell 8.0\bin\;C:\Users\Shehan Jayathunga\AppData\Local\Programs\Python\Python310\Scripts\;C:\Users\Shehan Jayathunga\AppData\Local\Programs\Python\Python310\;C:\Users\Shehan Jayathunga\AppData\Local\Microsoft\WindowsApps;C:\Users\Shehan Jayathunga\AppData\Local\Programs\Microsoft VS Code\bin;C:\Program Files\MongoDB\Server\5.0\bin;;C:\Program Files\JetBrains\IntelliJ IDEA 2022.2\bin;;C:\Program Files\JetBrains\IntelliJ IDEA Community Edition 2023.2.2\bin;;C:\Users\Shehan Jayathunga\AppData\Roaming\npm
USERNAME=Shehan Jayathunga
OS=Windows_NT
PROCESSOR_IDENTIFIER=Intel64 Family 6 Model 142 Stepping 10, GenuineIntel



---------------  S Y S T E M  ---------------

OS: Windows 11 , 64 bit Build 22621 (10.0.22621.2506)
Hyper-V role detected

CPU:total 8 (initial active 8) (4 cores per cpu, 2 threads per core) family 6 model 142 stepping 10 microcode 0xf4, cmov, cx8, fxsr, mmx, sse, sse2, sse3, ssse3, sse4.1, sse4.2, popcnt, avx, avx2, aes, clmul, erms, 3dnowpref, lzcnt, ht, tsc, tscinvbit, bmi1, bmi2, adx, fma

Memory: 4k page, system-wide physical 12179M (2384M free)
TotalPageFile size 27303M (AvailPageFile size 2M)
current process WorkingSet (physical memory assigned to process): 304M, peak: 360M
current process commit charge ("private bytes"): 439M, peak: 485M

vm_info: Java HotSpot(TM) 64-Bit Server VM (11.0.17+10-LTS-269) for windows-amd64 JRE (11.0.17+10-LTS-269), built on Sep 13 2022 19:26:37 by "mach5one" with MS VC++ 15.9 (VS2017)

END.
